[1/10] Building C object esp-idf/main/CMakeFiles/__idf_main.dir/app_main.c.obj
[2/10] Building C object esp-idf/main/CMakeFiles/__idf_main.dir/uart.c.obj
[3/10] Linking C static library esp-idf\main\libmain.a
[4/10] Performing build step for 'bootloader'
[1/1] cmd.exe /C "cd /D D:\Sotatek\espDev\Espressif\frameworks\esp-idf-v5.0.2\examples\get-started\sample_project\build\bootloader\esp-idf\esptool_py && D:\Sotatek\espDev\Espressif\python_env\idf5.0_py3.11_env\Scripts\python.exe D:/Sotatek/espDev/Espressif/frameworks/esp-idf-v5.0.2/components/partition_table/check_sizes.py --offset 0x8000 bootloader 0x1000 D:/Sotatek/espDev/Espressif/frameworks/esp-idf-v5.0.2/examples/get-started/sample_project/build/bootloader/bootloader.bin"
Bootloader binary size 0x6710 bytes. 0x8f0 bytes (8%) free.
[5/8] Generating ld/sections.ld
[6/8] Linking CXX executable main.elf
FAILED: main.elf 
cmd.exe /C "cd . && D:\Sotatek\espDev\Espressif\tools\xtensa-esp32-elf\esp-2022r1-11.2.0\xtensa-esp32-elf\bin\xtensa-esp32-elf-g++.exe -mlongcalls -Wno-frame-address  @CMakeFiles\main.elf.rsp -o main.elf  && cd ."
d:/sotatek/espdev/espressif/tools/xtensa-esp32-elf/esp-2022r1-11.2.0/xtensa-esp32-elf/bin/../lib/gcc/xtensa-esp32-elf/11.2.0/../../../../xtensa-esp32-elf/bin/ld.exe: esp-idf/main/libmain.a(uart.c.obj):D:/Sotatek/espDev/Espressif/frameworks/esp-idf-v5.0.2/examples/get-started/sample_project/main/uart.h:23: multiple definition of `TAG'; esp-idf/main/libmain.a(app_main.c.obj):D:/Sotatek/espDev/Espressif/frameworks/esp-idf-v5.0.2/examples/get-started/sample_project/main/uart.h:23: first defined here
d:/sotatek/espdev/espressif/tools/xtensa-esp32-elf/esp-2022r1-11.2.0/xtensa-esp32-elf/bin/../lib/gcc/xtensa-esp32-elf/11.2.0/../../../../xtensa-esp32-elf/bin/ld.exe: esp-idf/main/libmain.a(uart.c.obj):D:/Sotatek/espDev/Espressif/frameworks/esp-idf-v5.0.2/examples/get-started/sample_project/main/uart.c:17: multiple definition of `uart0_queue'; esp-idf/main/libmain.a(app_main.c.obj):D:/Sotatek/espDev/Espressif/frameworks/esp-idf-v5.0.2/examples/get-started/sample_project/main/app_main.c:15: first defined here
d:/sotatek/espdev/espressif/tools/xtensa-esp32-elf/esp-2022r1-11.2.0/xtensa-esp32-elf/bin/../lib/gcc/xtensa-esp32-elf/11.2.0/../../../../xtensa-esp32-elf/bin/ld.exe: esp-idf/main/libmain.a(uart.c.obj):D:/Sotatek/espDev/Espressif/frameworks/esp-idf-v5.0.2/examples/get-started/sample_project/main/uart.h:24: multiple definition of `uart_config'; esp-idf/main/libmain.a(app_main.c.obj):D:/Sotatek/espDev/Espressif/frameworks/esp-idf-v5.0.2/examples/get-started/sample_project/main/uart.h:24: first defined here
collect2.exe: error: ld returned 1 exit status
ninja: build stopped: subcommand failed.
